<?xml version="1.0" encoding="UTF-8"?>
<testsuite xmlns:xsi="http://www.w3.org/2001/XMLSchema-instance" xsi:noNamespaceSchemaLocation="https://maven.apache.org/surefire/maven-surefire-plugin/xsd/surefire-test-report-3.0.xsd" version="3.0" name="inheritance.OrderApiTest" time="3.067" tests="2" errors="0" skipped="0" failures="0">
  <properties>
[...]
</properties>
  <testcase name="createOrderWithCorrectTokenAndVerifyResponseBody" classname="inheritance.OrderApiTest" time="2.162">
    <system-out><![CDATA[Request method:	POST
Request URI:	http://51.250.6.164:8080/login/student
Proxy:			<none>
Request params:	<none>
Query params:	<none>
Form params:	<none>
Path params:	<none>
Headers:		Accept=*/*
				Content-Type=application/json
Cookies:		<none>
Multiparts:		<none>
Body:
{
    "username": "teststudent",
    "password": "p5Twdy789"
}
HTTP/1.1 200 
Vary: Origin
Vary: Access-Control-Request-Method
Vary: Access-Control-Request-Headers
Authorization: Bearer eyJhbGciOiJIUzUxMiJ9.eyJzdWIiOiJ0ZXN0c3R1ZGVudCIsImV4cCI6MTcwMTgxNDM4NCwiaWF0IjoxNzAxNzk2Mzg0fQ.3Q_G2dCeyRx7-_ZfkV96P8LWuWDy_VWi2kbCxk1Sfv-j0t9tn0mETYLkMWuoRkBplRI7F_iRrJb7erIWgVig9g
X-Content-Type-Options: nosniff
X-XSS-Protection: 1; mode=block
Cache-Control: no-cache, no-store, max-age=0, must-revalidate
Pragma: no-cache
Expires: 0
X-Frame-Options: DENY
Content-Type: text/plain;charset=UTF-8
Content-Length: 182
Date: Tue, 05 Dec 2023 17:13:04 GMT
Keep-Alive: timeout=60
Connection: keep-alive

eyJhbGciOiJIUzUxMiJ9.eyJzdWIiOiJ0ZXN0c3R1ZGVudCIsImV4cCI6MTcwMTgxNDM4NCwiaWF0IjoxNzAxNzk2Mzg0fQ.3Q_G2dCeyRx7-_ZfkV96P8LWuWDy_VWi2kbCxk1Sfv-j0t9tn0mETYLkMWuoRkBplRI7F_iRrJb7erIWgVig9g
Request method:	POST
Request URI:	http://51.250.6.164:8080/orders
Proxy:			<none>
Request params:	<none>
Query params:	<none>
Form params:	<none>
Path params:	<none>
Headers:		Authorization=Bearer eyJhbGciOiJIUzUxMiJ9.eyJzdWIiOiJ0ZXN0c3R1ZGVudCIsImV4cCI6MTcwMTgxNDM4NCwiaWF0IjoxNzAxNzk2Mzg0fQ.3Q_G2dCeyRx7-_ZfkV96P8LWuWDy_VWi2kbCxk1Sfv-j0t9tn0mETYLkMWuoRkBplRI7F_iRrJb7erIWgVig9g
				Accept=*/*
				Content-Type=application/json
Cookies:		<none>
Multiparts:		<none>
Body:
{
    "status": "OPEN",
    "courierId": 0,
    "customerName": "name",
    "customerPhone": "55446677",
    "comment": "comment",
    "id": 1
}
HTTP/1.1 200 
Vary: Origin
Vary: Access-Control-Request-Method
Vary: Access-Control-Request-Headers
X-Content-Type-Options: nosniff
X-XSS-Protection: 1; mode=block
Cache-Control: no-cache, no-store, max-age=0, must-revalidate
Pragma: no-cache
Expires: 0
X-Frame-Options: DENY
Content-Type: application/json
Transfer-Encoding: chunked
Date: Tue, 05 Dec 2023 17:13:04 GMT
Keep-Alive: timeout=60
Connection: keep-alive

{
    "status": "OPEN",
    "courierId": null,
    "customerName": "name",
    "customerPhone": "55446677",
    "comment": "comment",
    "id": 5241
}
]]></system-out>
  </testcase>
  <testcase name="createOrderWithIncorrectTokenShouldReturnUnauthorized" classname="inheritance.OrderApiTest" time="0.532">
    <system-out><![CDATA[Request method:	POST
Request URI:	http://51.250.6.164:8080/orders
Proxy:			<none>
Request params:	<none>
Query params:	<none>
Form params:	<none>
Path params:	<none>
Headers:		Accept=*/*
				Content-Type=application/json
Cookies:		<none>
Multiparts:		<none>
Body:
{
    "status": "OPEN",
    "courierId": 0,
    "customerName": "name",
    "customerPhone": "55446677",
    "comment": "comment",
    "id": 1
}
HTTP/1.1 401 
Vary: Origin
Vary: Access-Control-Request-Method
Vary: Access-Control-Request-Headers
X-Content-Type-Options: nosniff
X-XSS-Protection: 1; mode=block
Cache-Control: no-cache, no-store, max-age=0, must-revalidate
Pragma: no-cache
Expires: 0
X-Frame-Options: DENY
Content-Length: 0
Date: Tue, 05 Dec 2023 17:13:05 GMT
Keep-Alive: timeout=60
Connection: keep-alive
]]></system-out>
  </testcase>
</testsuite>